<?xml version="1.0" encoding="UTF-8"?>
<!-- Generated by org.testng.reporters.JUnitXMLReporter -->
<testsuite ignored="0" hostname="AskyPC" failures="0" tests="4" name="Default test" time="19.107" errors="0" timestamp="2025-10-04T17:19:59 EDT">
  <testcase classname="api.test.UserTest" name="testPostUser" time="7.21"/>
  <testcase classname="api.test.UserTest" name="testGetUser" time="0.438"/>
  <testcase classname="api.test.UserTest" name="testUpdateUser" time="2.325"/>
  <testcase classname="api.test.UserTest" name="testDeleteUser" time="0.316"/>
</testsuite> <!-- Default test -->
