<?xml version="1.0" encoding="UTF-8"?>
<testng-results ignored="2" total="4" passed="2" failed="0" skipped="0">
  <reporter-output>
  </reporter-output>
  <suite started-at="2025-10-05T21:42:38 EDT" name="PetSuite" finished-at="2025-10-05T21:43:05 EDT" duration-ms="27150">
    <groups>
    </groups>
    <test started-at="2025-10-05T21:42:38 EDT" name="PetTest" finished-at="2025-10-05T21:43:05 EDT" duration-ms="27150">
      <class name="api.test.UserTest">
        <test-method is-config="true" signature="setupUser()[pri:0, instance:api.test.UserTest@6492fab5]" started-at="2025-10-05T21:42:39 EDT" name="setupUser" finished-at="2025-10-05T21:42:40 EDT" duration-ms="869" status="PASS">
          <reporter-output>
          </reporter-output>
        </test-method> <!-- setupUser -->
        <test-method signature="testPostUser()[pri:1, instance:api.test.UserTest@6492fab5]" started-at="2025-10-05T21:42:40 EDT" name="testPostUser" finished-at="2025-10-05T21:42:59 EDT" duration-ms="19406" status="PASS">
          <reporter-output>
          </reporter-output>
        </test-method> <!-- testPostUser -->
        <test-method is-config="true" signature="waitBetweenTests()[pri:0, instance:api.test.UserTest@6492fab5]" started-at="2025-10-05T21:42:59 EDT" name="waitBetweenTests" finished-at="2025-10-05T21:43:01 EDT" duration-ms="2002" status="PASS">
          <reporter-output>
          </reporter-output>
        </test-method> <!-- waitBetweenTests -->
        <test-method signature="testGetUser()[pri:2, instance:api.test.UserTest@6492fab5]" started-at="2025-10-05T21:43:01 EDT" name="testGetUser" finished-at="2025-10-05T21:43:03 EDT" duration-ms="1739" status="PASS">
          <reporter-output>
          </reporter-output>
        </test-method> <!-- testGetUser -->
        <test-method is-config="true" signature="waitBetweenTests()[pri:0, instance:api.test.UserTest@6492fab5]" started-at="2025-10-05T21:43:03 EDT" name="waitBetweenTests" finished-at="2025-10-05T21:43:05 EDT" duration-ms="2003" status="PASS">
          <reporter-output>
          </reporter-output>
        </test-method> <!-- waitBetweenTests -->
      </class> <!-- api.test.UserTest -->
    </test> <!-- PetTest -->
  </suite> <!-- PetSuite -->
</testng-results>
