<?xml version="1.0" encoding="UTF-8"?>
<testng-results ignored="2" total="4" passed="2" failed="0" skipped="0">
  <reporter-output>
  </reporter-output>
  <suite started-at="2025-10-05T20:19:29 EDT" name="PetSuite" finished-at="2025-10-05T20:19:46 EDT" duration-ms="16610">
    <groups>
    </groups>
    <test started-at="2025-10-05T20:19:29 EDT" name="PetTest" finished-at="2025-10-05T20:19:46 EDT" duration-ms="16610">
      <class name="api.test.UserTest">
        <test-method is-config="true" signature="setupUser()[pri:0, instance:api.test.UserTest@315f43d5]" started-at="2025-10-05T20:19:30 EDT" name="setupUser" finished-at="2025-10-05T20:19:31 EDT" duration-ms="946" status="PASS">
          <reporter-output>
          </reporter-output>
        </test-method> <!-- setupUser -->
        <test-method signature="testPostUser()[pri:1, instance:api.test.UserTest@315f43d5]" started-at="2025-10-05T20:19:31 EDT" name="testPostUser" finished-at="2025-10-05T20:19:40 EDT" duration-ms="8767" status="PASS">
          <reporter-output>
          </reporter-output>
        </test-method> <!-- testPostUser -->
        <test-method is-config="true" signature="waitBetweenTests()[pri:0, instance:api.test.UserTest@315f43d5]" started-at="2025-10-05T20:19:40 EDT" name="waitBetweenTests" finished-at="2025-10-05T20:19:42 EDT" duration-ms="2013" status="PASS">
          <reporter-output>
          </reporter-output>
        </test-method> <!-- waitBetweenTests -->
        <test-method signature="testGetUser()[pri:2, instance:api.test.UserTest@315f43d5]" started-at="2025-10-05T20:19:42 EDT" name="testGetUser" finished-at="2025-10-05T20:19:44 EDT" duration-ms="1625" status="PASS">
          <reporter-output>
          </reporter-output>
        </test-method> <!-- testGetUser -->
        <test-method is-config="true" signature="waitBetweenTests()[pri:0, instance:api.test.UserTest@315f43d5]" started-at="2025-10-05T20:19:44 EDT" name="waitBetweenTests" finished-at="2025-10-05T20:19:46 EDT" duration-ms="2005" status="PASS">
          <reporter-output>
          </reporter-output>
        </test-method> <!-- waitBetweenTests -->
      </class> <!-- api.test.UserTest -->
    </test> <!-- PetTest -->
  </suite> <!-- PetSuite -->
</testng-results>
