<?xml version="1.0" encoding="UTF-8"?>
<!-- Generated by org.testng.reporters.JUnitXMLReporter -->
<testsuite ignored="2" hostname="AskyPC" failures="0" tests="2" name="PetTest" time="27.15" errors="0" timestamp="2025-10-05T21:43:06 EDT">
  <testcase classname="api.test.UserTest" name="testPostUser" time="19.406"/>
  <testcase classname="api.test.UserTest" name="testGetUser" time="1.739"/>
  <testcase classname="api.test.UserTest" name="testDeleteUser" time="0.0">
    <ignored/>
  </testcase> <!-- testDeleteUser -->
  <testcase classname="api.test.UserTest" name="testUpdateUser" time="0.0">
    <ignored/>
  </testcase> <!-- testUpdateUser -->
</testsuite> <!-- PetTest -->
