<?xml version="1.0" encoding="UTF-8"?>
<!-- Generated by org.testng.reporters.JUnitReportReporter -->
<testsuite hostname="AskyPC" failures="0" tests="8" name="api.test.UserTestDataDriven" time="55.535" errors="0" timestamp="2025-10-05T14:21:38 EDT" skipped="2">
  <testcase classname="api.test.UserTestDataDriven" name="testPostUser" time="12.491"/>
  <testcase classname="api.test.UserTestDataDriven" name="testPostUser" time="12.277"/>
  <testcase classname="api.test.UserTestDataDriven" name="testPostUser" time="20.765"/>
  <testcase classname="api.test.UserTestDataDriven" name="testGetUser" time="4.737"/>
  <testcase classname="api.test.UserTestDataDriven" name="testGetUser" time="2.731"/>
  <testcase classname="api.test.UserTestDataDriven" name="testGetUser" time="2.534"/>
  <testcase classname="api.test.UserTestDataDriven" name="testDeleteUser">
    <skipped/>
  </testcase> <!-- testDeleteUser -->
  <testcase classname="api.test.UserTestDataDriven" name="testUpdateUser">
    <skipped/>
  </testcase> <!-- testUpdateUser -->
</testsuite> <!-- api.test.UserTestDataDriven -->
