<?xml version="1.0" encoding="UTF-8"?>
<!-- Generated by org.testng.reporters.JUnitReportReporter -->
<testsuite hostname="AskyPC" failures="0" tests="4" name="api.test.UserTest" time="14.410" errors="0" timestamp="2025-10-05T20:19:48 EDT" skipped="2">
  <testcase classname="api.test.UserTest" name="testPostUser" time="10.780"/>
  <testcase classname="api.test.UserTest" name="testGetUser" time="3.630"/>
  <testcase classname="api.test.UserTest" name="testDeleteUser">
    <skipped/>
  </testcase> <!-- testDeleteUser -->
  <testcase classname="api.test.UserTest" name="testUpdateUser">
    <skipped/>
  </testcase> <!-- testUpdateUser -->
</testsuite> <!-- api.test.UserTest -->
