<?xml version="1.0" encoding="UTF-8"?>
<!-- Generated by org.testng.reporters.JUnitReportReporter -->
<testsuite hostname="AskyPC" failures="0" tests="4" name="api.test.UserTest" time="18.300" errors="0" timestamp="2025-10-04T17:19:59 EDT" skipped="0">
  <testcase classname="api.test.UserTest" name="testPostUser" time="9.211"/>
  <testcase classname="api.test.UserTest" name="testGetUser" time="2.440"/>
  <testcase classname="api.test.UserTest" name="testUpdateUser" time="4.330"/>
  <testcase classname="api.test.UserTest" name="testDeleteUser" time="2.319"/>
</testsuite> <!-- api.test.UserTest -->
