<?xml version="1.0" encoding="UTF-8"?>
<!-- Generated by org.testng.reporters.JUnitReportReporter -->
<testsuite hostname="AskyPC" failures="0" tests="4" name="api.test.UserTest" time="25.150" errors="0" timestamp="2025-10-05T21:43:07 EDT" skipped="2">
  <testcase classname="api.test.UserTest" name="testPostUser" time="21.409"/>
  <testcase classname="api.test.UserTest" name="testGetUser" time="3.741"/>
  <testcase classname="api.test.UserTest" name="testDeleteUser">
    <skipped/>
  </testcase> <!-- testDeleteUser -->
  <testcase classname="api.test.UserTest" name="testUpdateUser">
    <skipped/>
  </testcase> <!-- testUpdateUser -->
</testsuite> <!-- api.test.UserTest -->
