<?xml version="1.0" encoding="UTF-8"?>
<!-- Generated by org.testng.reporters.JUnitXMLReporter -->
<testsuite ignored="2" hostname="AskyPC" failures="0" tests="2" name="PetTest" time="16.61" errors="0" timestamp="2025-10-05T20:19:48 EDT">
  <testcase classname="api.test.UserTest" name="testPostUser" time="8.767"/>
  <testcase classname="api.test.UserTest" name="testGetUser" time="1.625"/>
  <testcase classname="api.test.UserTest" name="testDeleteUser" time="0.0">
    <ignored/>
  </testcase> <!-- testDeleteUser -->
  <testcase classname="api.test.UserTest" name="testUpdateUser" time="0.0">
    <ignored/>
  </testcase> <!-- testUpdateUser -->
</testsuite> <!-- PetTest -->
